<?xml version="1.0" encoding="utf-8"?><testsuites name="pytest tests"><testsuite name="pytest" errors="3" failures="0" skipped="0" tests="3" time="0.187" timestamp="2026-08-01T05:44:44.848721+00:00" hostname="runnervmvrwv9"><testcase classname="" name="backend.debug_repair_test" time="0.000"><error message="collection failure">ImportError while importing test module '/home/runner/work/Prompt2Play/Prompt2Play/backend/debug_repair_test.py'.
Hint: make sure your test modules/packages have valid Python names.
Traceback:
/opt/hostedtoolcache/Python/3.10.20/x64/lib/python3.10/importlib/__init__.py:126: in import_module
    return _bootstrap._gcd_import(name[level:], package, level)
backend/debug_repair_test.py:3: in &lt;module&gt;
    import ollama_client
backend/ollama_client.py:4: in &lt;module&gt;
    import requests
E   ModuleNotFoundError: No module named 'requests'</error></testcase><testcase classname="" name="backend.tests.test_ollama_client" time="0.000"><error message="collection failure">ImportError while importing test module '/home/runner/work/Prompt2Play/Prompt2Play/backend/tests/test_ollama_client.py'.
Hint: make sure your test modules/packages have valid Python names.
Traceback:
/opt/hostedtoolcache/Python/3.10.20/x64/lib/python3.10/importlib/__init__.py:126: in import_module
    return _bootstrap._gcd_import(name[level:], package, level)
backend/tests/test_ollama_client.py:5: in &lt;module&gt;
    from ollama_client import extract_first_json, basic_rule_parse, analyze_prompt, _repair_llm_json
backend/ollama_client.py:4: in &lt;module&gt;
    import requests
E   ModuleNotFoundError: No module named 'requests'</error></testcase><testcase classname="" name="tests.test_parse" time="0.000"><error message="collection failure">ImportError while importing test module '/home/runner/work/Prompt2Play/Prompt2Play/tests/test_parse.py'.
Hint: make sure your test modules/packages have valid Python names.
Traceback:
/opt/hostedtoolcache/Python/3.10.20/x64/lib/python3.10/importlib/__init__.py:126: in import_module
    return _bootstrap._gcd_import(name[level:], package, level)
tests/test_parse.py:5: in &lt;module&gt;
    from backend import ollama_client
E   ModuleNotFoundError: No module named 'backend'</error></testcase></testsuite></testsuites>