<?xml version="1.0" encoding="utf-8"?><testsuites name="pytest tests"><testsuite name="pytest" errors="0" failures="0" skipped="0" tests="8" time="0.191" timestamp="2026-08-01T05:49:38.353842+00:00" hostname="runnervmvrwv9"><testcase classname="backend.tests.test_ollama_client" name="test_extract_first_json_simple" time="0.000" /><testcase classname="backend.tests.test_ollama_client" name="test_basic_rule_parse_zombie" time="0.000" /><testcase classname="backend.tests.test_ollama_client" name="test_analyze_prompt_fallback_rule" time="0.001" /><testcase classname="backend.tests.test_ollama_client" name="test_repair_llm_json_from_stream" time="0.001" /><testcase classname="backend.tests.test_ollama_client" name="test_sanity_imports" time="0.000" /><testcase classname="tests.test_parse" name="test_extract_first_json_simple" time="0.000" /><testcase classname="tests.test_parse" name="test_basic_rule_parse_hole" time="0.000" /><testcase classname="tests.test_parse" name="test_analyze_prompt_fallback" time="0.001" /></testsuite></testsuites>